[DEBUG 2020-08-18 15:56:31This is debug message!
[INFO 2020-08-18 15:56:31This is info message!
[WARNING 2020-08-18 15:56:31This is warning message!
[ERROR 2020-08-18 15:56:31This is error message!
[CRITICAL 2020-08-18 15:56:31This is critical message!
[DEBUG 2020-08-18 17:27:10This is debug message!
[INFO 2020-08-18 17:27:10This is info message!
[WARNING 2020-08-18 17:27:10This is warning message!
[ERROR 2020-08-18 17:27:10This is error message!
[CRITICAL 2020-08-18 17:27:10This is critical message!
[DEBUG 2020-08-19 14:11:17token: fd48d11369f9ef844779b15eb380f37b8523ffe97d68a0340026e0750b27ed26
[DEBUG 2020-08-19 14:11:48token: fd48d11369f9ef844779b15eb380f37b57df65ed977c0a327af5df1fd8257c51
[DEBUG 2020-08-19 14:17:28token: fd48d11369f9ef844779b15eb380f37b0ea4d7a358c0d01f6d6b7fd616c79a38
[DEBUG 2020-08-19 14:17:50token: fd48d11369f9ef844779b15eb380f37b7a13166de59b72e0780ac66efdfedc01
[DEBUG 2020-08-19 15:31:06token: fd48d11369f9ef844779b15eb380f37b0fa39e36487aa7d5158a023d4e0205ef
[INFO 2020-08-20 19:21:10初始化配置文件，path=D:\TestProject\Operation2.0\Config\config.ini

[INFO 2020-08-20 19:24:46初始化配置文件，path=D:\TestProject\Operation2.0\Config\config.ini

[INFO 2020-08-20 19:36:14初始化配置文件，path=D:\TestProject\Operation2.0\Config\config.ini

[INFO 2020-08-20 19:40:05初始化配置文件，path=D:\TestProject\Operation2.0\Config\config.ini

[INFO 2020-08-20 19:43:31初始化配置文件，path=D:\TestProject\Operation2.0\Config\config.ini

[INFO 2020-08-20 19:44:32初始化配置文件，path=D:\TestProject\Operation2.0\Config\config.ini

[INFO 2020-08-20 19:44:55初始化配置文件，path=D:\TestProject\Operation2.0\Config\config.ini

[INFO 2020-08-20 19:45:17初始化配置文件，path=D:\TestProject\Operation2.0\Config\config.ini

[INFO 2020-08-20 19:50:57初始化配置文件，path=D:\TestProject\Operation2.0\Config\config.ini

[INFO 2020-08-20 20:00:29初始化配置文件，path=D:\TestProject\Operation2.0\Config\config.ini

